[2021-11-18 10:15:12.463] [exthost] [info] extension host started
[2021-11-18 10:15:12.472] [exthost] [info] Lock '/home/orai/vscode-cosmwasm/User/workspaceStorage/3ac4b598/vscode.lock': Lock acquired.
[2021-11-18 10:15:12.808] [exthost] [info] ExtensionService#_doActivateExtension vscode.git {"startup":false,"extensionId":{"value":"vscode.git","_lower":"vscode.git"},"activationEvent":"onFileSystem:git"}
[2021-11-18 10:15:12.809] [exthost] [info] ExtensionService#loadCommonJSModule file:///usr/lib/code-server/vendor/modules/code-oss-dev/extensions/git/dist/main
[2021-11-18 10:15:12.904] [exthost] [info] ExtensionService#_doActivateExtension vscode.configuration-editing {"startup":false,"extensionId":{"value":"vscode.configuration-editing","_lower":"vscode.configuration-editing"},"activationEvent":"onLanguage:json"}
[2021-11-18 10:15:12.904] [exthost] [info] ExtensionService#loadCommonJSModule file:///usr/lib/code-server/vendor/modules/code-oss-dev/extensions/configuration-editing/dist/configurationEditingMain
[2021-11-18 10:15:12.910] [exthost] [info] ExtensionService#_doActivateExtension vscode.extension-editing {"startup":false,"extensionId":{"value":"vscode.extension-editing","_lower":"vscode.extension-editing"},"activationEvent":"onLanguage:json"}
[2021-11-18 10:15:12.910] [exthost] [info] ExtensionService#loadCommonJSModule file:///usr/lib/code-server/vendor/modules/code-oss-dev/extensions/extension-editing/dist/extensionEditingMain
[2021-11-18 10:15:12.926] [exthost] [info] ExtensionService#_doActivateExtension vscode.json-language-features {"startup":false,"extensionId":{"value":"vscode.json-language-features","_lower":"vscode.json-language-features"},"activationEvent":"onLanguage:json"}
[2021-11-18 10:15:12.926] [exthost] [info] ExtensionService#loadCommonJSModule file:///usr/lib/code-server/vendor/modules/code-oss-dev/extensions/json-language-features/client/dist/node/jsonClientMain
[2021-11-18 10:15:13.005] [exthost] [info] ExtensionService#_doActivateExtension vscode.npm {"startup":false,"extensionId":{"value":"vscode.npm","_lower":"vscode.npm"},"activationEvent":"onLanguage:json"}
[2021-11-18 10:15:13.005] [exthost] [info] ExtensionService#loadCommonJSModule file:///usr/lib/code-server/vendor/modules/code-oss-dev/extensions/npm/dist/npmMain
[2021-11-18 10:15:13.034] [exthost] [info] ExtensionService#_doActivateExtension vscode.typescript-language-features {"startup":false,"extensionId":{"value":"vscode.typescript-language-features","_lower":"vscode.typescript-language-features"},"activationEvent":"onLanguage:typescriptreact"}
[2021-11-18 10:15:13.034] [exthost] [info] ExtensionService#loadCommonJSModule file:///usr/lib/code-server/vendor/modules/code-oss-dev/extensions/typescript-language-features/dist/extension
[2021-11-18 10:15:13.085] [exthost] [info] ExtensionService#_doActivateExtension vscode.debug-auto-launch {"startup":true,"extensionId":{"value":"vscode.debug-auto-launch","_lower":"vscode.debug-auto-launch"},"activationEvent":"*"}
[2021-11-18 10:15:13.085] [exthost] [info] ExtensionService#loadCommonJSModule file:///usr/lib/code-server/vendor/modules/code-oss-dev/extensions/debug-auto-launch/dist/extension
[2021-11-18 10:15:13.386] [exthost] [info] ExtensionService#_doActivateExtension vscode.github {"startup":true,"extensionId":{"value":"vscode.github","_lower":"vscode.github"},"activationEvent":"*"}
[2021-11-18 10:15:13.386] [exthost] [info] ExtensionService#loadCommonJSModule file:///usr/lib/code-server/vendor/modules/code-oss-dev/extensions/github/dist/extension.js
[2021-11-18 10:15:13.627] [exthost] [info] ExtensionService#_doActivateExtension ms-vscode.js-debug {"startup":false,"extensionId":{"value":"ms-vscode.js-debug","_lower":"ms-vscode.js-debug"},"activationEvent":"onCommand:extension.js-debug.clearAutoAttachVariables"}
[2021-11-18 10:15:13.627] [exthost] [info] ExtensionService#loadCommonJSModule file:///usr/lib/code-server/vendor/modules/code-oss-dev/extensions/ms-vscode.js-debug/src/extension.js
[2021-11-18 10:15:13.974] [exthost] [info] ExtensionService#_doActivateExtension vscode.emmet {"startup":false,"extensionId":{"value":"vscode.emmet","_lower":"vscode.emmet"},"activationEvent":"onStartupFinished"}
[2021-11-18 10:15:13.974] [exthost] [info] ExtensionService#loadCommonJSModule file:///usr/lib/code-server/vendor/modules/code-oss-dev/extensions/emmet/dist/node/emmetNodeMain
[2021-11-18 10:15:13.995] [exthost] [info] ExtensionService#_doActivateExtension vscode.merge-conflict {"startup":false,"extensionId":{"value":"vscode.merge-conflict","_lower":"vscode.merge-conflict"},"activationEvent":"onStartupFinished"}
[2021-11-18 10:15:13.995] [exthost] [info] ExtensionService#loadCommonJSModule file:///usr/lib/code-server/vendor/modules/code-oss-dev/extensions/merge-conflict/dist/mergeConflictMain
[2021-11-18 10:15:13.999] [exthost] [info] eager extensions activated
[2021-11-18 10:15:14.907] [exthost] [info] ExtensionService#_doActivateExtension vscode.debug-server-ready {"startup":false,"extensionId":{"value":"vscode.debug-server-ready","_lower":"vscode.debug-server-ready"},"activationEvent":"onDebugResolve"}
[2021-11-18 10:15:14.908] [exthost] [info] ExtensionService#loadCommonJSModule file:///usr/lib/code-server/vendor/modules/code-oss-dev/extensions/debug-server-ready/dist/extension
[2021-11-18 10:15:24.788] [exthost] [info] extension host started
[2021-11-18 10:15:25.144] [exthost] [info] ExtensionService#_doActivateExtension vscode.debug-auto-launch {"startup":true,"extensionId":{"value":"vscode.debug-auto-launch","_lower":"vscode.debug-auto-launch"},"activationEvent":"*"}
[2021-11-18 10:15:25.145] [exthost] [info] ExtensionService#loadCommonJSModule file:///usr/lib/code-server/vendor/modules/code-oss-dev/extensions/debug-auto-launch/dist/extension
[2021-11-18 10:15:25.151] [exthost] [info] ExtensionService#_doActivateExtension vscode.git {"startup":true,"extensionId":{"value":"vscode.github","_lower":"vscode.github"},"activationEvent":"*"}
[2021-11-18 10:15:25.151] [exthost] [info] ExtensionService#loadCommonJSModule file:///usr/lib/code-server/vendor/modules/code-oss-dev/extensions/git/dist/main
[2021-11-18 10:15:25.339] [exthost] [info] ExtensionService#_doActivateExtension vscode.github {"startup":true,"extensionId":{"value":"vscode.github","_lower":"vscode.github"},"activationEvent":"*"}
[2021-11-18 10:15:25.339] [exthost] [info] ExtensionService#loadCommonJSModule file:///usr/lib/code-server/vendor/modules/code-oss-dev/extensions/github/dist/extension.js
[2021-11-18 10:15:25.386] [exthost] [info] ExtensionService#_doActivateExtension ms-vscode.js-debug {"startup":false,"extensionId":{"value":"ms-vscode.js-debug","_lower":"ms-vscode.js-debug"},"activationEvent":"onCommand:extension.js-debug.clearAutoAttachVariables"}
[2021-11-18 10:15:25.386] [exthost] [info] ExtensionService#loadCommonJSModule file:///usr/lib/code-server/vendor/modules/code-oss-dev/extensions/ms-vscode.js-debug/src/extension.js
[2021-11-18 10:15:25.691] [exthost] [info] ExtensionService#_doActivateExtension vscode.emmet {"startup":false,"extensionId":{"value":"vscode.emmet","_lower":"vscode.emmet"},"activationEvent":"onStartupFinished"}
[2021-11-18 10:15:25.692] [exthost] [info] ExtensionService#loadCommonJSModule file:///usr/lib/code-server/vendor/modules/code-oss-dev/extensions/emmet/dist/node/emmetNodeMain
[2021-11-18 10:15:25.710] [exthost] [info] ExtensionService#_doActivateExtension vscode.merge-conflict {"startup":false,"extensionId":{"value":"vscode.merge-conflict","_lower":"vscode.merge-conflict"},"activationEvent":"onStartupFinished"}
[2021-11-18 10:15:25.710] [exthost] [info] ExtensionService#loadCommonJSModule file:///usr/lib/code-server/vendor/modules/code-oss-dev/extensions/merge-conflict/dist/mergeConflictMain
[2021-11-18 10:15:25.714] [exthost] [info] eager extensions activated
[2021-11-18 10:16:05.477] [exthost] [info] extension host terminating: received terminate message from renderer
[2021-11-18 10:16:06.492] [exthost] [info] exiting with code 0
[2021-11-18 10:16:07.161] [exthost] [info] extension host terminating: received terminate message from renderer
[2021-11-18 10:16:07.162] [exthost] [info] Lock '/home/orai/vscode-cosmwasm/User/workspaceStorage/3ac4b598/vscode.lock': Marking the lockfile as scheduled to be released in 6000 ms.
[2021-11-18 10:16:08.191] [exthost] [info] exiting with code 0
