Validating found git in: git
Using git 2.17.1 from git
> git rev-parse --git-dir
Open repository: /home/orai/vscode-cosmwasm
> git status -z -u
> git symbolic-ref --short HEAD
> git for-each-ref --format=%(refname)%00%(upstream:short)%00%(objectname)%00%(upstream:track) refs/heads/feat/generic-keplr refs/remotes/feat/generic-keplr
> git for-each-ref --sort -committerdate --format %(refname) %(objectname) %(*objectname)
> git remote --verbose
> git config --get commit.template
> git check-ignore -v -z --stdin
Validating found git in: git
Using git 2.17.1 from git
> git rev-parse --git-dir
Open repository: /home/orai/vscode-cosmwasm
> git status -z -u
> git symbolic-ref --short HEAD
> git for-each-ref --format=%(refname)%00%(upstream:short)%00%(objectname)%00%(upstream:track) refs/heads/feat/generic-keplr refs/remotes/feat/generic-keplr
> git for-each-ref --sort -committerdate --format %(refname) %(objectname) %(*objectname)
> git remote --verbose
> git config --get commit.template
> git show --textconv :src/App.tsx
> git ls-files --stage -- /home/orai/vscode-cosmwasm/src/App.tsx
> git cat-file -s a4481dc9b21c7e58dab5d41a8c292b1973308a3d
> git show --textconv :src/App.tsx
> git ls-files --stage -- /home/orai/vscode-cosmwasm/src/App.tsx
> git cat-file -s a4481dc9b21c7e58dab5d41a8c292b1973308a3d
> git check-ignore -v -z --stdin
> git check-ignore -v -z --stdin
> git show --textconv :.vscode/launch.json
> git ls-files --stage -- /home/orai/vscode-cosmwasm/.vscode/launch.json
> git cat-file -s 3cac224d24b0056bf362dbfc4f22755ef2da675d
> git status -z -u
> git symbolic-ref --short HEAD
> git for-each-ref --format=%(refname)%00%(upstream:short)%00%(objectname)%00%(upstream:track) refs/heads/feat/generic-keplr refs/remotes/feat/generic-keplr
> git for-each-ref --sort -committerdate --format %(refname) %(objectname) %(*objectname)
> git remote --verbose
> git config --get commit.template
> git check-ignore -v -z --stdin
> git show --textconv :User/settings.json
> git ls-files --stage -- /home/orai/vscode-cosmwasm/User/settings.json
> git show --textconv :User/settings.json
> git ls-files --stage -- /home/orai/vscode-cosmwasm/User/settings.json
> git show --textconv :User/settings.json
> git ls-files --stage -- /home/orai/vscode-cosmwasm/User/settings.json
> git check-ignore -v -z --stdin
> git status -z -u
> git symbolic-ref --short HEAD
> git for-each-ref --format=%(refname)%00%(upstream:short)%00%(objectname)%00%(upstream:track) refs/heads/feat/generic-keplr refs/remotes/feat/generic-keplr
> git for-each-ref --sort -committerdate --format %(refname) %(objectname) %(*objectname)
> git remote --verbose
> git config --get commit.template
> git status -z -u
> git symbolic-ref --short HEAD
> git for-each-ref --format=%(refname)%00%(upstream:short)%00%(objectname)%00%(upstream:track) refs/heads/feat/generic-keplr refs/remotes/feat/generic-keplr
> git for-each-ref --sort -committerdate --format %(refname) %(objectname) %(*objectname)
> git remote --verbose
> git config --get commit.template
> git show --textconv :.vscode/launch.json
> git ls-files --stage -- /home/orai/vscode-cosmwasm/.vscode/launch.json
> git cat-file -s 3cac224d24b0056bf362dbfc4f22755ef2da675d
> git show --textconv :src/App.tsx
> git ls-files --stage -- /home/orai/vscode-cosmwasm/src/App.tsx
> git cat-file -s a4481dc9b21c7e58dab5d41a8c292b1973308a3d
> git status -z -u
> git symbolic-ref --short HEAD
> git for-each-ref --format=%(refname)%00%(upstream:short)%00%(objectname)%00%(upstream:track) refs/heads/feat/generic-keplr refs/remotes/feat/generic-keplr
> git for-each-ref --sort -committerdate --format %(refname) %(objectname) %(*objectname)
> git remote --verbose
> git config --get commit.template
> git check-ignore -v -z --stdin
> git show --textconv :ext-src/init.ts
> git ls-files --stage -- /home/orai/vscode-cosmwasm/ext-src/init.ts
> git cat-file -s 862ad795ccbe7f1fe583b767044ab26bd4963a0b
> git status -z -u
> git symbolic-ref --short HEAD
> git for-each-ref --format=%(refname)%00%(upstream:short)%00%(objectname)%00%(upstream:track) refs/heads/feat/generic-keplr refs/remotes/feat/generic-keplr
> git for-each-ref --sort -committerdate --format %(refname) %(objectname) %(*objectname)
> git remote --verbose
> git config --get commit.template
> git status -z -u
> git symbolic-ref --short HEAD
> git for-each-ref --format=%(refname)%00%(upstream:short)%00%(objectname)%00%(upstream:track) refs/heads/feat/generic-keplr refs/remotes/feat/generic-keplr
> git for-each-ref --sort -committerdate --format %(refname) %(objectname) %(*objectname)
> git remote --verbose
> git config --get commit.template
> git status -z -u
> git symbolic-ref --short HEAD
> git for-each-ref --format=%(refname)%00%(upstream:short)%00%(objectname)%00%(upstream:track) refs/heads/feat/generic-keplr refs/remotes/feat/generic-keplr
> git for-each-ref --sort -committerdate --format %(refname) %(objectname) %(*objectname)
> git remote --verbose
> git config --get commit.template
> git log --format=%H%n%aN%n%aE%n%at%n%ct%n%P%n%B -z -n21 -- /home/orai/vscode-cosmwasm/ext-src/init.ts
> git status -z -u
> git symbolic-ref --short HEAD
> git for-each-ref --format=%(refname)%00%(upstream:short)%00%(objectname)%00%(upstream:track) refs/heads/feat/generic-keplr refs/remotes/feat/generic-keplr
> git for-each-ref --sort -committerdate --format %(refname) %(objectname) %(*objectname)
> git remote --verbose
> git config --get commit.template
> git show --textconv :.env.development.local
> git ls-files --stage -- /home/orai/vscode-cosmwasm/.env.development.local
> git cat-file -s 161117a05a7efab9c0d60c589c14e552cd065a0d
> git show --textconv :.env.vscode-dev
> git ls-files --stage -- /home/orai/vscode-cosmwasm/.env.vscode-dev
> git cat-file -s 5250bd95047545807782cefa1badec6c4c83a066
> git status -z -u
> git symbolic-ref --short HEAD
> git for-each-ref --format=%(refname)%00%(upstream:short)%00%(objectname)%00%(upstream:track) refs/heads/feat/generic-keplr refs/remotes/feat/generic-keplr
> git for-each-ref --sort -committerdate --format %(refname) %(objectname) %(*objectname)
> git remote --verbose
> git config --get commit.template
> git show --textconv :.env.development.local
> git ls-files --stage -- /home/orai/vscode-cosmwasm/.env.development.local
> git cat-file -s 161117a05a7efab9c0d60c589c14e552cd065a0d
> git show --textconv :src/App.tsx
> git ls-files --stage -- /home/orai/vscode-cosmwasm/src/App.tsx
> git cat-file -s a4481dc9b21c7e58dab5d41a8c292b1973308a3d
> git show --textconv :ext-src/init.ts
> git ls-files --stage -- /home/orai/vscode-cosmwasm/ext-src/init.ts
> git cat-file -s 862ad795ccbe7f1fe583b767044ab26bd4963a0b
> git show --textconv :ext-src/types.ts
> git ls-files --stage -- /home/orai/vscode-cosmwasm/ext-src/types.ts
> git cat-file -s fcf96eb051b26973249fbc24fcac002427461552
> git show --textconv :ext-src/webview-provider.ts
> git ls-files --stage -- /home/orai/vscode-cosmwasm/ext-src/webview-provider.ts
> git cat-file -s b68f189a9914ee431cf482541e1eafaa5ab5477e
> git show --textconv :ext-src/extension.ts
> git ls-files --stage -- /home/orai/vscode-cosmwasm/ext-src/extension.ts
> git cat-file -s 9253467ce20640f2429a181ab126381c8cac096d
> git show --textconv :ext-src/webview-provider.ts
> git ls-files --stage -- /home/orai/vscode-cosmwasm/ext-src/webview-provider.ts
> git cat-file -s b68f189a9914ee431cf482541e1eafaa5ab5477e
> git log --format=%H%n%aN%n%aE%n%at%n%ct%n%P%n%B -z -n21 -- /home/orai/vscode-cosmwasm/ext-src/webview-provider.ts
> git status -z -u
> git symbolic-ref --short HEAD
> git for-each-ref --format=%(refname)%00%(upstream:short)%00%(objectname)%00%(upstream:track) refs/heads/feat/generic-keplr refs/remotes/feat/generic-keplr
> git for-each-ref --sort -committerdate --format %(refname) %(objectname) %(*objectname)
> git remote --verbose
> git config --get commit.template
> git rev-list --count 2a2053551e4fb8022d0ffbae36cc5ebba1139694.. -- /home/orai/vscode-cosmwasm/ext-src/webview-provider.ts
> git log --format=%H%n%aN%n%aE%n%at%n%ct%n%P%n%B -z -n7 -- /home/orai/vscode-cosmwasm/ext-src/webview-provider.ts
> git status -z -u
> git symbolic-ref --short HEAD
> git for-each-ref --format=%(refname)%00%(upstream:short)%00%(objectname)%00%(upstream:track) refs/heads/feat/generic-keplr refs/remotes/feat/generic-keplr
> git for-each-ref --sort -committerdate --format %(refname) %(objectname) %(*objectname)
> git remote --verbose
> git config --get commit.template
> git show --textconv :package.json
> git ls-files --stage -- /home/orai/vscode-cosmwasm/package.json
> git cat-file -s 74bcca7fbfa49b72ba8c1aea70ed4e13ab879dfd
> git show --textconv :ext-src/webview-provider.ts
> git ls-files --stage -- /home/orai/vscode-cosmwasm/ext-src/webview-provider.ts
> git cat-file -s b68f189a9914ee431cf482541e1eafaa5ab5477e
> git status -z -u
> git symbolic-ref --short HEAD
> git for-each-ref --format=%(refname)%00%(upstream:short)%00%(objectname)%00%(upstream:track) refs/heads/feat/generic-keplr refs/remotes/feat/generic-keplr
> git for-each-ref --sort -committerdate --format %(refname) %(objectname) %(*objectname)
> git remote --verbose
> git config --get commit.template
> git check-ignore -v -z --stdin
> git status -z -u
> git symbolic-ref --short HEAD
> git for-each-ref --format=%(refname)%00%(upstream:short)%00%(objectname)%00%(upstream:track) refs/heads/feat/generic-keplr refs/remotes/feat/generic-keplr
> git for-each-ref --sort -committerdate --format %(refname) %(objectname) %(*objectname)
> git remote --verbose
> git config --get commit.template
> git status -z -u
> git symbolic-ref --short HEAD
> git for-each-ref --format=%(refname)%00%(upstream:short)%00%(objectname)%00%(upstream:track) refs/heads/feat/generic-keplr refs/remotes/feat/generic-keplr
> git for-each-ref --sort -committerdate --format %(refname) %(objectname) %(*objectname)
> git remote --verbose
> git config --get commit.template
> git log --format=%H%n%aN%n%aE%n%at%n%ct%n%P%n%B -z -n21 -- /home/orai/vscode-cosmwasm/ext-src/webview-provider.ts
> git check-ignore -v -z --stdin
> git status -z -u
> git symbolic-ref --short HEAD
> git for-each-ref --format=%(refname)%00%(upstream:short)%00%(objectname)%00%(upstream:track) refs/heads/feat/generic-keplr refs/remotes/feat/generic-keplr
> git for-each-ref --sort -committerdate --format %(refname) %(objectname) %(*objectname)
> git remote --verbose
> git config --get commit.template
> git rev-list --count 2a2053551e4fb8022d0ffbae36cc5ebba1139694.. -- /home/orai/vscode-cosmwasm/ext-src/webview-provider.ts
> git log --format=%H%n%aN%n%aE%n%at%n%ct%n%P%n%B -z -n7 -- /home/orai/vscode-cosmwasm/ext-src/webview-provider.ts
> git status -z -u
> git symbolic-ref --short HEAD
> git for-each-ref --format=%(refname)%00%(upstream:short)%00%(objectname)%00%(upstream:track) refs/heads/feat/generic-keplr refs/remotes/feat/generic-keplr
> git for-each-ref --sort -committerdate --format %(refname) %(objectname) %(*objectname)
> git remote --verbose
> git config --get commit.template
> git status -z -u
> git symbolic-ref --short HEAD
> git for-each-ref --format=%(refname)%00%(upstream:short)%00%(objectname)%00%(upstream:track) refs/heads/feat/generic-keplr refs/remotes/feat/generic-keplr
> git for-each-ref --sort -committerdate --format %(refname) %(objectname) %(*objectname)
> git remote --verbose
> git config --get commit.template
> git status -z -u
> git symbolic-ref --short HEAD
> git for-each-ref --format=%(refname)%00%(upstream:short)%00%(objectname)%00%(upstream:track) refs/heads/feat/generic-keplr refs/remotes/feat/generic-keplr
> git for-each-ref --sort -committerdate --format %(refname) %(objectname) %(*objectname)
> git remote --verbose
> git config --get commit.template
> git status -z -u
> git symbolic-ref --short HEAD
> git for-each-ref --format=%(refname)%00%(upstream:short)%00%(objectname)%00%(upstream:track) refs/heads/feat/generic-keplr refs/remotes/feat/generic-keplr
> git for-each-ref --sort -committerdate --format %(refname) %(objectname) %(*objectname)
> git remote --verbose
> git config --get commit.template
> git status -z -u
> git symbolic-ref --short HEAD
> git for-each-ref --format=%(refname)%00%(upstream:short)%00%(objectname)%00%(upstream:track) refs/heads/feat/generic-keplr refs/remotes/feat/generic-keplr
> git for-each-ref --sort -committerdate --format %(refname) %(objectname) %(*objectname)
> git remote --verbose
> git config --get commit.template
> git status -z -u
> git symbolic-ref --short HEAD
> git for-each-ref --format=%(refname)%00%(upstream:short)%00%(objectname)%00%(upstream:track) refs/heads/feat/generic-keplr refs/remotes/feat/generic-keplr
> git for-each-ref --sort -committerdate --format %(refname) %(objectname) %(*objectname)
> git remote --verbose
> git config --get commit.template
> git check-ignore -v -z --stdin
> git show --textconv :.vscode/launch.json
> git ls-files --stage -- /home/orai/vscode-cosmwasm/.vscode/launch.json
> git cat-file -s 3cac224d24b0056bf362dbfc4f22755ef2da675d
> git check-ignore -v -z --stdin
> git show --textconv :ext-src/init.ts
> git ls-files --stage -- /home/orai/vscode-cosmwasm/ext-src/init.ts
> git cat-file -s 862ad795ccbe7f1fe583b767044ab26bd4963a0b
> git show --textconv :package.json
> git ls-files --stage -- /home/orai/vscode-cosmwasm/package.json
> git cat-file -s 74bcca7fbfa49b72ba8c1aea70ed4e13ab879dfd
> git status -z -u
> git symbolic-ref --short HEAD
> git for-each-ref --format=%(refname)%00%(upstream:short)%00%(objectname)%00%(upstream:track) refs/heads/feat/generic-keplr refs/remotes/feat/generic-keplr
> git for-each-ref --sort -committerdate --format %(refname) %(objectname) %(*objectname)
> git remote --verbose
> git config --get commit.template
> git show --textconv :ext-src/init.ts
> git ls-files --stage -- /home/orai/vscode-cosmwasm/ext-src/init.ts
> git cat-file -s 862ad795ccbe7f1fe583b767044ab26bd4963a0b
> git show --textconv :src/global.d.ts
> git ls-files --stage -- /home/orai/vscode-cosmwasm/src/global.d.ts
> git cat-file -s d061dbaea924d43a4a03d0bc12da02c2213c562c
> git show --textconv :ext-src/global.d.ts
> git ls-files --stage -- /home/orai/vscode-cosmwasm/ext-src/global.d.ts
> git check-ignore -v -z --stdin
> git show --textconv :ext-src/init.ts
> git ls-files --stage -- /home/orai/vscode-cosmwasm/ext-src/init.ts
> git cat-file -s 862ad795ccbe7f1fe583b767044ab26bd4963a0b
> git show --textconv :ext-src/global.d.ts
> git ls-files --stage -- /home/orai/vscode-cosmwasm/ext-src/global.d.ts
> git show --textconv :ext-src/init.ts
> git ls-files --stage -- /home/orai/vscode-cosmwasm/ext-src/init.ts
> git cat-file -s 862ad795ccbe7f1fe583b767044ab26bd4963a0b
> git status -z -u
> git symbolic-ref --short HEAD
> git for-each-ref --format=%(refname)%00%(upstream:short)%00%(objectname)%00%(upstream:track) refs/heads/feat/generic-keplr refs/remotes/feat/generic-keplr
> git for-each-ref --sort -committerdate --format %(refname) %(objectname) %(*objectname)
> git remote --verbose
> git config --get commit.template
> git show --textconv :ext-src/init.ts
> git ls-files --stage -- /home/orai/vscode-cosmwasm/ext-src/init.ts
> git cat-file -s 862ad795ccbe7f1fe583b767044ab26bd4963a0b
> git status -z -u
> git symbolic-ref --short HEAD
> git for-each-ref --format=%(refname)%00%(upstream:short)%00%(objectname)%00%(upstream:track) refs/heads/feat/generic-keplr refs/remotes/feat/generic-keplr
> git for-each-ref --sort -committerdate --format %(refname) %(objectname) %(*objectname)
> git remote --verbose
> git config --get commit.template
> git log --format=%H%n%aN%n%aE%n%at%n%ct%n%P%n%B -z -n21 -- /home/orai/vscode-cosmwasm/ext-src/init.ts
> git show --textconv :package.json
> git ls-files --stage -- /home/orai/vscode-cosmwasm/package.json
> git cat-file -s 74bcca7fbfa49b72ba8c1aea70ed4e13ab879dfd
> git status -z -u
> git symbolic-ref --short HEAD
> git for-each-ref --format=%(refname)%00%(upstream:short)%00%(objectname)%00%(upstream:track) refs/heads/feat/generic-keplr refs/remotes/feat/generic-keplr
> git for-each-ref --sort -committerdate --format %(refname) %(objectname) %(*objectname)
> git remote --verbose
> git config --get commit.template
> git status -z -u
> git symbolic-ref --short HEAD
> git for-each-ref --format=%(refname)%00%(upstream:short)%00%(objectname)%00%(upstream:track) refs/heads/feat/generic-keplr refs/remotes/feat/generic-keplr
> git for-each-ref --sort -committerdate --format %(refname) %(objectname) %(*objectname)
> git remote --verbose
> git config --get commit.template
> git status -z -u
> git symbolic-ref --short HEAD
> git for-each-ref --format=%(refname)%00%(upstream:short)%00%(objectname)%00%(upstream:track) refs/heads/feat/generic-keplr refs/remotes/feat/generic-keplr
> git for-each-ref --sort -committerdate --format %(refname) %(objectname) %(*objectname)
> git remote --verbose
> git config --get commit.template
> git status -z -u
> git symbolic-ref --short HEAD
> git for-each-ref --format=%(refname)%00%(upstream:short)%00%(objectname)%00%(upstream:track) refs/heads/feat/generic-keplr refs/remotes/feat/generic-keplr
> git for-each-ref --sort -committerdate --format %(refname) %(objectname) %(*objectname)
> git remote --verbose
> git config --get commit.template
> git status -z -u
> git symbolic-ref --short HEAD
> git for-each-ref --format=%(refname)%00%(upstream:short)%00%(objectname)%00%(upstream:track) refs/heads/feat/generic-keplr refs/remotes/feat/generic-keplr
> git for-each-ref --sort -committerdate --format %(refname) %(objectname) %(*objectname)
> git remote --verbose
> git config --get commit.template
> git status -z -u
> git symbolic-ref --short HEAD
> git for-each-ref --format=%(refname)%00%(upstream:short)%00%(objectname)%00%(upstream:track) refs/heads/feat/generic-keplr refs/remotes/feat/generic-keplr
> git for-each-ref --sort -committerdate --format %(refname) %(objectname) %(*objectname)
> git remote --verbose
> git config --get commit.template
> git show --textconv :ext-src/extension.ts
> git ls-files --stage -- /home/orai/vscode-cosmwasm/ext-src/extension.ts
> git cat-file -s 9253467ce20640f2429a181ab126381c8cac096d
> git show --textconv :ext-src/webview-panel.ts
> git ls-files --stage -- /home/orai/vscode-cosmwasm/ext-src/webview-panel.ts
> git check-ignore -v -z --stdin
> git show --textconv :ext-src/extension.ts
> git ls-files --stage -- /home/orai/vscode-cosmwasm/ext-src/extension.ts
> git cat-file -s 9253467ce20640f2429a181ab126381c8cac096d
> git show --textconv :ext-src/webview-panel.ts
> git ls-files --stage -- /home/orai/vscode-cosmwasm/ext-src/webview-panel.ts
> git show --textconv :ext-src/extension.ts
> git ls-files --stage -- /home/orai/vscode-cosmwasm/ext-src/extension.ts
> git cat-file -s 9253467ce20640f2429a181ab126381c8cac096d
> git show --textconv :ext-src/webview-panel.ts
> git ls-files --stage -- /home/orai/vscode-cosmwasm/ext-src/webview-panel.ts
> git status -z -u
> git symbolic-ref --short HEAD
> git for-each-ref --format=%(refname)%00%(upstream:short)%00%(objectname)%00%(upstream:track) refs/heads/feat/generic-keplr refs/remotes/feat/generic-keplr
> git for-each-ref --sort -committerdate --format %(refname) %(objectname) %(*objectname)
> git remote --verbose
> git config --get commit.template
> git status -z -u
> git symbolic-ref --short HEAD
> git for-each-ref --format=%(refname)%00%(upstream:short)%00%(objectname)%00%(upstream:track) refs/heads/feat/generic-keplr refs/remotes/feat/generic-keplr
> git for-each-ref --sort -committerdate --format %(refname) %(objectname) %(*objectname)
> git remote --verbose
> git config --get commit.template
> git check-ignore -v -z --stdin
> git show --textconv :ext-src/webview-panel.ts
> git ls-files --stage -- /home/orai/vscode-cosmwasm/ext-src/webview-panel.ts
> git show --textconv :ext-src/webview-provider.ts
> git ls-files --stage -- /home/orai/vscode-cosmwasm/ext-src/webview-provider.ts
> git cat-file -s b68f189a9914ee431cf482541e1eafaa5ab5477e
> git show --textconv :ext-src/webview-panel.ts
> git ls-files --stage -- /home/orai/vscode-cosmwasm/ext-src/webview-panel.ts
> git show --textconv :ext-src/webview-provider.ts
> git ls-files --stage -- /home/orai/vscode-cosmwasm/ext-src/webview-provider.ts
> git cat-file -s b68f189a9914ee431cf482541e1eafaa5ab5477e
> git show --textconv :ext-src/init.ts
> git ls-files --stage -- /home/orai/vscode-cosmwasm/ext-src/init.ts
> git cat-file -s 862ad795ccbe7f1fe583b767044ab26bd4963a0b
> git show --textconv :ext-src/webview-panel.ts
> git ls-files --stage -- /home/orai/vscode-cosmwasm/ext-src/webview-panel.ts
> git log --format=%H%n%aN%n%aE%n%at%n%ct%n%P%n%B -z -n21 -- /home/orai/vscode-cosmwasm/ext-src/webview-panel.ts
> git status -z -u
> git symbolic-ref --short HEAD
> git for-each-ref --format=%(refname)%00%(upstream:short)%00%(objectname)%00%(upstream:track) refs/heads/feat/generic-keplr refs/remotes/feat/generic-keplr
> git for-each-ref --sort -committerdate --format %(refname) %(objectname) %(*objectname)
> git remote --verbose
> git config --get commit.template
> git check-ignore -v -z --stdin
> git status -z -u
> git symbolic-ref --short HEAD
> git for-each-ref --format=%(refname)%00%(upstream:short)%00%(objectname)%00%(upstream:track) refs/heads/feat/generic-keplr refs/remotes/feat/generic-keplr
> git for-each-ref --sort -committerdate --format %(refname) %(objectname) %(*objectname)
> git remote --verbose
> git config --get commit.template
> git rev-list --count working.. -- /home/orai/vscode-cosmwasm/ext-src/webview-panel.ts
fatal: bad revision 'working..'
> git log --format=%H%n%aN%n%aE%n%at%n%ct%n%P%n%B -z -- /home/orai/vscode-cosmwasm/ext-src/webview-panel.ts
> git status -z -u
> git symbolic-ref --short HEAD
> git for-each-ref --format=%(refname)%00%(upstream:short)%00%(objectname)%00%(upstream:track) refs/heads/feat/generic-keplr refs/remotes/feat/generic-keplr
> git for-each-ref --sort -committerdate --format %(refname) %(objectname) %(*objectname)
> git remote --verbose
> git config --get commit.template
> git show --textconv :package.json
> git ls-files --stage -- /home/orai/vscode-cosmwasm/package.json
> git cat-file -s 74bcca7fbfa49b72ba8c1aea70ed4e13ab879dfd
