[2021-11-18 10:16:17.160] [exthost] [info] extension host started
[2021-11-18 10:16:17.219] [exthost] [info] ExtensionService#_doActivateExtension vscode.debug-auto-launch {"startup":true,"extensionId":{"value":"vscode.debug-auto-launch","_lower":"vscode.debug-auto-launch"},"activationEvent":"*"}
[2021-11-18 10:16:17.219] [exthost] [info] ExtensionService#loadCommonJSModule file:///usr/lib/code-server/vendor/modules/code-oss-dev/extensions/debug-auto-launch/dist/extension
[2021-11-18 10:16:17.226] [exthost] [info] ExtensionService#_doActivateExtension vscode.git {"startup":true,"extensionId":{"value":"vscode.github","_lower":"vscode.github"},"activationEvent":"*"}
[2021-11-18 10:16:17.226] [exthost] [info] ExtensionService#loadCommonJSModule file:///usr/lib/code-server/vendor/modules/code-oss-dev/extensions/git/dist/main
[2021-11-18 10:16:17.391] [exthost] [info] ExtensionService#_doActivateExtension vscode.github {"startup":true,"extensionId":{"value":"vscode.github","_lower":"vscode.github"},"activationEvent":"*"}
[2021-11-18 10:16:17.391] [exthost] [info] ExtensionService#loadCommonJSModule file:///usr/lib/code-server/vendor/modules/code-oss-dev/extensions/github/dist/extension.js
[2021-11-18 10:16:17.426] [exthost] [info] ExtensionService#_doActivateExtension vscode.emmet {"startup":false,"extensionId":{"value":"vscode.emmet","_lower":"vscode.emmet"},"activationEvent":"onStartupFinished"}
[2021-11-18 10:16:17.426] [exthost] [info] ExtensionService#loadCommonJSModule file:///usr/lib/code-server/vendor/modules/code-oss-dev/extensions/emmet/dist/node/emmetNodeMain
[2021-11-18 10:16:17.445] [exthost] [info] ExtensionService#_doActivateExtension vscode.merge-conflict {"startup":false,"extensionId":{"value":"vscode.merge-conflict","_lower":"vscode.merge-conflict"},"activationEvent":"onStartupFinished"}
[2021-11-18 10:16:17.445] [exthost] [info] ExtensionService#loadCommonJSModule file:///usr/lib/code-server/vendor/modules/code-oss-dev/extensions/merge-conflict/dist/mergeConflictMain
[2021-11-18 10:16:17.449] [exthost] [info] eager extensions activated
[2021-11-18 10:16:17.460] [exthost] [info] ExtensionService#_doActivateExtension ms-vscode.js-debug {"startup":false,"extensionId":{"value":"ms-vscode.js-debug","_lower":"ms-vscode.js-debug"},"activationEvent":"onCommand:extension.js-debug.clearAutoAttachVariables"}
[2021-11-18 10:16:17.460] [exthost] [info] ExtensionService#loadCommonJSModule file:///usr/lib/code-server/vendor/modules/code-oss-dev/extensions/ms-vscode.js-debug/src/extension.js
[2021-11-18 10:16:26.393] [exthost] [info] extension host terminating: received terminate message from renderer
[2021-11-18 10:16:36.701] [exthost] [info] extension host started
[2021-11-18 10:16:36.711] [exthost] [info] Lock '/home/orai/vscode-cosmwasm/User/workspaceStorage/3ac4b598/vscode.lock': Lock acquired.
[2021-11-18 10:16:36.836] [exthost] [info] ExtensionService#_doActivateExtension vscode.typescript-language-features {"startup":false,"extensionId":{"value":"vscode.typescript-language-features","_lower":"vscode.typescript-language-features"},"activationEvent":"onLanguage:typescriptreact"}
[2021-11-18 10:16:36.837] [exthost] [info] ExtensionService#loadCommonJSModule file:///usr/lib/code-server/vendor/modules/code-oss-dev/extensions/typescript-language-features/dist/extension
[2021-11-18 10:16:36.910] [exthost] [info] ExtensionService#_doActivateExtension vscode.debug-auto-launch {"startup":true,"extensionId":{"value":"vscode.debug-auto-launch","_lower":"vscode.debug-auto-launch"},"activationEvent":"*"}
[2021-11-18 10:16:36.910] [exthost] [info] ExtensionService#loadCommonJSModule file:///usr/lib/code-server/vendor/modules/code-oss-dev/extensions/debug-auto-launch/dist/extension
[2021-11-18 10:16:36.914] [exthost] [info] ExtensionService#_doActivateExtension vscode.git {"startup":true,"extensionId":{"value":"vscode.github","_lower":"vscode.github"},"activationEvent":"*"}
[2021-11-18 10:16:36.914] [exthost] [info] ExtensionService#loadCommonJSModule file:///usr/lib/code-server/vendor/modules/code-oss-dev/extensions/git/dist/main
[2021-11-18 10:16:37.009] [exthost] [info] ExtensionService#_doActivateExtension vscode.npm {"startup":true,"extensionId":{"value":"vscode.npm","_lower":"vscode.npm"},"activationEvent":"workspaceContains:package.json"}
[2021-11-18 10:16:37.009] [exthost] [info] ExtensionService#loadCommonJSModule file:///usr/lib/code-server/vendor/modules/code-oss-dev/extensions/npm/dist/npmMain
[2021-11-18 10:16:37.249] [exthost] [info] ExtensionService#_doActivateExtension vscode.github {"startup":true,"extensionId":{"value":"vscode.github","_lower":"vscode.github"},"activationEvent":"*"}
[2021-11-18 10:16:37.249] [exthost] [info] ExtensionService#loadCommonJSModule file:///usr/lib/code-server/vendor/modules/code-oss-dev/extensions/github/dist/extension.js
[2021-11-18 10:16:37.673] [exthost] [info] ExtensionService#_doActivateExtension ms-vscode.js-debug {"startup":false,"extensionId":{"value":"ms-vscode.js-debug","_lower":"ms-vscode.js-debug"},"activationEvent":"onCommand:extension.js-debug.clearAutoAttachVariables"}
[2021-11-18 10:16:37.674] [exthost] [info] ExtensionService#loadCommonJSModule file:///usr/lib/code-server/vendor/modules/code-oss-dev/extensions/ms-vscode.js-debug/src/extension.js
[2021-11-18 10:16:38.076] [exthost] [info] ExtensionService#_doActivateExtension vscode.emmet {"startup":false,"extensionId":{"value":"vscode.emmet","_lower":"vscode.emmet"},"activationEvent":"onStartupFinished"}
[2021-11-18 10:16:38.076] [exthost] [info] ExtensionService#loadCommonJSModule file:///usr/lib/code-server/vendor/modules/code-oss-dev/extensions/emmet/dist/node/emmetNodeMain
[2021-11-18 10:16:38.097] [exthost] [info] ExtensionService#_doActivateExtension vscode.merge-conflict {"startup":false,"extensionId":{"value":"vscode.merge-conflict","_lower":"vscode.merge-conflict"},"activationEvent":"onStartupFinished"}
[2021-11-18 10:16:38.097] [exthost] [info] ExtensionService#loadCommonJSModule file:///usr/lib/code-server/vendor/modules/code-oss-dev/extensions/merge-conflict/dist/mergeConflictMain
[2021-11-18 10:16:38.101] [exthost] [info] eager extensions activated
[2021-11-18 10:16:39.811] [exthost] [info] ExtensionService#_doActivateExtension vscode.debug-server-ready {"startup":false,"extensionId":{"value":"vscode.debug-server-ready","_lower":"vscode.debug-server-ready"},"activationEvent":"onDebugResolve"}
[2021-11-18 10:16:39.812] [exthost] [info] ExtensionService#loadCommonJSModule file:///usr/lib/code-server/vendor/modules/code-oss-dev/extensions/debug-server-ready/dist/extension
[2021-11-18 10:16:42.602] [exthost] [info] extension host started
[2021-11-18 10:16:42.657] [exthost] [info] ExtensionService#_doActivateExtension vscode.debug-auto-launch {"startup":true,"extensionId":{"value":"vscode.debug-auto-launch","_lower":"vscode.debug-auto-launch"},"activationEvent":"*"}
[2021-11-18 10:16:42.657] [exthost] [info] ExtensionService#loadCommonJSModule file:///usr/lib/code-server/vendor/modules/code-oss-dev/extensions/debug-auto-launch/dist/extension
[2021-11-18 10:16:42.664] [exthost] [info] ExtensionService#_doActivateExtension vscode.git {"startup":true,"extensionId":{"value":"vscode.github","_lower":"vscode.github"},"activationEvent":"*"}
[2021-11-18 10:16:42.664] [exthost] [info] ExtensionService#loadCommonJSModule file:///usr/lib/code-server/vendor/modules/code-oss-dev/extensions/git/dist/main
[2021-11-18 10:16:42.782] [exthost] [info] ExtensionService#_doActivateExtension vscode.configuration-editing {"startup":false,"extensionId":{"value":"vscode.configuration-editing","_lower":"vscode.configuration-editing"},"activationEvent":"onLanguage:jsonc"}
[2021-11-18 10:16:42.782] [exthost] [info] ExtensionService#loadCommonJSModule file:///usr/lib/code-server/vendor/modules/code-oss-dev/extensions/configuration-editing/dist/configurationEditingMain
[2021-11-18 10:16:42.793] [exthost] [info] ExtensionService#_doActivateExtension vscode.json-language-features {"startup":false,"extensionId":{"value":"vscode.json-language-features","_lower":"vscode.json-language-features"},"activationEvent":"onLanguage:jsonc"}
[2021-11-18 10:16:42.793] [exthost] [info] ExtensionService#loadCommonJSModule file:///usr/lib/code-server/vendor/modules/code-oss-dev/extensions/json-language-features/client/dist/node/jsonClientMain
[2021-11-18 10:16:42.848] [exthost] [info] ExtensionService#_doActivateExtension vscode.github {"startup":true,"extensionId":{"value":"vscode.github","_lower":"vscode.github"},"activationEvent":"*"}
[2021-11-18 10:16:42.848] [exthost] [info] ExtensionService#loadCommonJSModule file:///usr/lib/code-server/vendor/modules/code-oss-dev/extensions/github/dist/extension.js
[2021-11-18 10:16:42.893] [exthost] [info] ExtensionService#_doActivateExtension vscode.emmet {"startup":false,"extensionId":{"value":"vscode.emmet","_lower":"vscode.emmet"},"activationEvent":"onStartupFinished"}
[2021-11-18 10:16:42.893] [exthost] [info] ExtensionService#loadCommonJSModule file:///usr/lib/code-server/vendor/modules/code-oss-dev/extensions/emmet/dist/node/emmetNodeMain
[2021-11-18 10:16:42.922] [exthost] [info] ExtensionService#_doActivateExtension vscode.merge-conflict {"startup":false,"extensionId":{"value":"vscode.merge-conflict","_lower":"vscode.merge-conflict"},"activationEvent":"onStartupFinished"}
[2021-11-18 10:16:42.923] [exthost] [info] ExtensionService#loadCommonJSModule file:///usr/lib/code-server/vendor/modules/code-oss-dev/extensions/merge-conflict/dist/mergeConflictMain
[2021-11-18 10:16:42.929] [exthost] [info] eager extensions activated
[2021-11-18 10:16:42.930] [exthost] [info] ExtensionService#_doActivateExtension ms-vscode.js-debug {"startup":false,"extensionId":{"value":"ms-vscode.js-debug","_lower":"ms-vscode.js-debug"},"activationEvent":"onCommand:extension.js-debug.clearAutoAttachVariables"}
[2021-11-18 10:16:42.931] [exthost] [info] ExtensionService#loadCommonJSModule file:///usr/lib/code-server/vendor/modules/code-oss-dev/extensions/ms-vscode.js-debug/src/extension.js
[2021-11-18 10:16:48.487] [exthost] [info] extension host terminating: received terminate message from renderer
[2021-11-18 10:16:55.419] [exthost] [info] extension host started
[2021-11-18 10:16:55.428] [exthost] [info] Lock '/home/orai/vscode-cosmwasm/User/workspaceStorage/-4cf9651c/vscode.lock': Lock acquired.
[2021-11-18 10:16:56.470] [exthost] [info] ExtensionService#_doActivateExtension vscode.debug-auto-launch {"startup":true,"extensionId":{"value":"vscode.debug-auto-launch","_lower":"vscode.debug-auto-launch"},"activationEvent":"*"}
[2021-11-18 10:16:56.470] [exthost] [info] ExtensionService#loadCommonJSModule file:///usr/lib/code-server/vendor/modules/code-oss-dev/extensions/debug-auto-launch/dist/extension
[2021-11-18 10:16:56.477] [exthost] [info] ExtensionService#_doActivateExtension vscode.git {"startup":true,"extensionId":{"value":"vscode.github","_lower":"vscode.github"},"activationEvent":"*"}
[2021-11-18 10:16:56.477] [exthost] [info] ExtensionService#loadCommonJSModule file:///usr/lib/code-server/vendor/modules/code-oss-dev/extensions/git/dist/main
[2021-11-18 10:16:56.572] [exthost] [info] ExtensionService#_doActivateExtension vscode.npm {"startup":true,"extensionId":{"value":"vscode.npm","_lower":"vscode.npm"},"activationEvent":"workspaceContains:package.json"}
[2021-11-18 10:16:56.572] [exthost] [info] ExtensionService#loadCommonJSModule file:///usr/lib/code-server/vendor/modules/code-oss-dev/extensions/npm/dist/npmMain
[2021-11-18 10:16:56.667] [exthost] [info] ExtensionService#_doActivateExtension vscode.github {"startup":true,"extensionId":{"value":"vscode.github","_lower":"vscode.github"},"activationEvent":"*"}
[2021-11-18 10:16:56.667] [exthost] [info] ExtensionService#loadCommonJSModule file:///usr/lib/code-server/vendor/modules/code-oss-dev/extensions/github/dist/extension.js
[2021-11-18 10:16:56.748] [exthost] [info] ExtensionService#_doActivateExtension ms-vscode.js-debug {"startup":false,"extensionId":{"value":"ms-vscode.js-debug","_lower":"ms-vscode.js-debug"},"activationEvent":"onCommand:extension.js-debug.clearAutoAttachVariables"}
[2021-11-18 10:16:56.748] [exthost] [info] ExtensionService#loadCommonJSModule file:///usr/lib/code-server/vendor/modules/code-oss-dev/extensions/ms-vscode.js-debug/src/extension.js
[2021-11-18 10:16:57.159] [exthost] [info] ExtensionService#_doActivateExtension vscode.emmet {"startup":false,"extensionId":{"value":"vscode.emmet","_lower":"vscode.emmet"},"activationEvent":"onStartupFinished"}
[2021-11-18 10:16:57.159] [exthost] [info] ExtensionService#loadCommonJSModule file:///usr/lib/code-server/vendor/modules/code-oss-dev/extensions/emmet/dist/node/emmetNodeMain
[2021-11-18 10:16:57.180] [exthost] [info] ExtensionService#_doActivateExtension vscode.merge-conflict {"startup":false,"extensionId":{"value":"vscode.merge-conflict","_lower":"vscode.merge-conflict"},"activationEvent":"onStartupFinished"}
[2021-11-18 10:16:57.180] [exthost] [info] ExtensionService#loadCommonJSModule file:///usr/lib/code-server/vendor/modules/code-oss-dev/extensions/merge-conflict/dist/mergeConflictMain
[2021-11-18 10:16:57.185] [exthost] [info] eager extensions activated
[2021-11-18 10:32:11.710] [exthost] [info] extension host terminating: received terminate message from renderer
[2021-11-18 10:32:11.711] [exthost] [info] Lock '/home/orai/vscode-cosmwasm/User/workspaceStorage/-4cf9651c/vscode.lock': Marking the lockfile as scheduled to be released in 6000 ms.
[2021-11-18 10:32:12.730] [exthost] [info] exiting with code 0
[2021-11-18 10:32:14.180] [exthost] [info] extension host started
[2021-11-18 10:32:14.189] [exthost] [info] Lock '/home/orai/vscode-cosmwasm/User/workspaceStorage/-4cf9651c/vscode.lock': Lock acquired.
[2021-11-18 10:32:14.223] [exthost] [info] ExtensionService#_doActivateExtension vscode.debug-auto-launch {"startup":true,"extensionId":{"value":"vscode.debug-auto-launch","_lower":"vscode.debug-auto-launch"},"activationEvent":"*"}
[2021-11-18 10:32:14.223] [exthost] [info] ExtensionService#loadCommonJSModule file:///usr/lib/code-server/vendor/modules/code-oss-dev/extensions/debug-auto-launch/dist/extension
[2021-11-18 10:32:14.229] [exthost] [info] ExtensionService#_doActivateExtension vscode.git {"startup":true,"extensionId":{"value":"vscode.github","_lower":"vscode.github"},"activationEvent":"*"}
[2021-11-18 10:32:14.229] [exthost] [info] ExtensionService#loadCommonJSModule file:///usr/lib/code-server/vendor/modules/code-oss-dev/extensions/git/dist/main
[2021-11-18 10:32:14.333] [exthost] [info] ExtensionService#_doActivateExtension vscode.npm {"startup":true,"extensionId":{"value":"vscode.npm","_lower":"vscode.npm"},"activationEvent":"workspaceContains:package.json"}
[2021-11-18 10:32:14.333] [exthost] [info] ExtensionService#loadCommonJSModule file:///usr/lib/code-server/vendor/modules/code-oss-dev/extensions/npm/dist/npmMain
[2021-11-18 10:32:14.431] [exthost] [info] ExtensionService#_doActivateExtension vscode.github {"startup":true,"extensionId":{"value":"vscode.github","_lower":"vscode.github"},"activationEvent":"*"}
[2021-11-18 10:32:14.431] [exthost] [info] ExtensionService#loadCommonJSModule file:///usr/lib/code-server/vendor/modules/code-oss-dev/extensions/github/dist/extension.js
[2021-11-18 10:32:14.498] [exthost] [info] ExtensionService#_doActivateExtension ms-vscode.js-debug {"startup":false,"extensionId":{"value":"ms-vscode.js-debug","_lower":"ms-vscode.js-debug"},"activationEvent":"onCommand:extension.js-debug.clearAutoAttachVariables"}
[2021-11-18 10:32:14.498] [exthost] [info] ExtensionService#loadCommonJSModule file:///usr/lib/code-server/vendor/modules/code-oss-dev/extensions/ms-vscode.js-debug/src/extension.js
[2021-11-18 10:32:14.825] [exthost] [info] ExtensionService#_doActivateExtension vscode.emmet {"startup":false,"extensionId":{"value":"vscode.emmet","_lower":"vscode.emmet"},"activationEvent":"onStartupFinished"}
[2021-11-18 10:32:14.825] [exthost] [info] ExtensionService#loadCommonJSModule file:///usr/lib/code-server/vendor/modules/code-oss-dev/extensions/emmet/dist/node/emmetNodeMain
[2021-11-18 10:32:14.846] [exthost] [info] ExtensionService#_doActivateExtension vscode.merge-conflict {"startup":false,"extensionId":{"value":"vscode.merge-conflict","_lower":"vscode.merge-conflict"},"activationEvent":"onStartupFinished"}
[2021-11-18 10:32:14.846] [exthost] [info] ExtensionService#loadCommonJSModule file:///usr/lib/code-server/vendor/modules/code-oss-dev/extensions/merge-conflict/dist/mergeConflictMain
[2021-11-18 10:32:14.850] [exthost] [info] eager extensions activated
[2021-11-18 10:32:17.414] [exthost] [info] extension host terminating: received terminate message from renderer
[2021-11-18 10:32:17.415] [exthost] [info] Lock '/home/orai/vscode-cosmwasm/User/workspaceStorage/-4cf9651c/vscode.lock': Marking the lockfile as scheduled to be released in 6000 ms.
[2021-11-18 10:32:22.957] [exthost] [info] extension host started
[2021-11-18 10:32:22.958] [exthost] [error] Error: EEXIST: file already exists, open '/home/orai/vscode-cosmwasm/User/workspaceStorage/-4cf9651c/vscode.lock'
[2021-11-18 10:32:22.963] [exthost] [info] Lock '/home/orai/vscode-cosmwasm/User/workspaceStorage/-4cf9651c/vscode.lock': Could not acquire lock, checking if the file is stale.
[2021-11-18 10:32:22.967] [exthost] [info] Lock '/home/orai/vscode-cosmwasm/User/workspaceStorage/-4cf9651c/vscode.lock': The lockfile is scheduled to be released in 448 ms.
[2021-11-18 10:32:23.416] [exthost] [info] Lock '/home/orai/vscode-cosmwasm/User/workspaceStorage/-4cf9651c/vscode.lock': Deleting a stale lock.
[2021-11-18 10:32:23.417] [exthost] [info] Lock '/home/orai/vscode-cosmwasm/User/workspaceStorage/-4cf9651c/vscode.lock': Lock acquired.
[2021-11-18 10:32:23.554] [exthost] [info] ExtensionService#_doActivateExtension vscode.debug-auto-launch {"startup":true,"extensionId":{"value":"vscode.debug-auto-launch","_lower":"vscode.debug-auto-launch"},"activationEvent":"*"}
[2021-11-18 10:32:23.554] [exthost] [info] ExtensionService#loadCommonJSModule file:///usr/lib/code-server/vendor/modules/code-oss-dev/extensions/debug-auto-launch/dist/extension
[2021-11-18 10:32:23.561] [exthost] [info] ExtensionService#_doActivateExtension vscode.git {"startup":true,"extensionId":{"value":"vscode.github","_lower":"vscode.github"},"activationEvent":"*"}
[2021-11-18 10:32:23.561] [exthost] [info] ExtensionService#loadCommonJSModule file:///usr/lib/code-server/vendor/modules/code-oss-dev/extensions/git/dist/main
[2021-11-18 10:32:23.657] [exthost] [info] ExtensionService#_doActivateExtension vscode.npm {"startup":true,"extensionId":{"value":"vscode.npm","_lower":"vscode.npm"},"activationEvent":"workspaceContains:package.json"}
[2021-11-18 10:32:23.657] [exthost] [info] ExtensionService#loadCommonJSModule file:///usr/lib/code-server/vendor/modules/code-oss-dev/extensions/npm/dist/npmMain
[2021-11-18 10:32:23.753] [exthost] [info] ExtensionService#_doActivateExtension vscode.github {"startup":true,"extensionId":{"value":"vscode.github","_lower":"vscode.github"},"activationEvent":"*"}
[2021-11-18 10:32:23.753] [exthost] [info] ExtensionService#loadCommonJSModule file:///usr/lib/code-server/vendor/modules/code-oss-dev/extensions/github/dist/extension.js
[2021-11-18 10:32:23.823] [exthost] [info] ExtensionService#_doActivateExtension ms-vscode.js-debug {"startup":false,"extensionId":{"value":"ms-vscode.js-debug","_lower":"ms-vscode.js-debug"},"activationEvent":"onCommand:extension.js-debug.clearAutoAttachVariables"}
[2021-11-18 10:32:23.823] [exthost] [info] ExtensionService#loadCommonJSModule file:///usr/lib/code-server/vendor/modules/code-oss-dev/extensions/ms-vscode.js-debug/src/extension.js
[2021-11-18 10:32:24.296] [exthost] [info] ExtensionService#_doActivateExtension vscode.emmet {"startup":false,"extensionId":{"value":"vscode.emmet","_lower":"vscode.emmet"},"activationEvent":"onStartupFinished"}
[2021-11-18 10:32:24.296] [exthost] [info] ExtensionService#loadCommonJSModule file:///usr/lib/code-server/vendor/modules/code-oss-dev/extensions/emmet/dist/node/emmetNodeMain
[2021-11-18 10:32:24.319] [exthost] [info] ExtensionService#_doActivateExtension vscode.merge-conflict {"startup":false,"extensionId":{"value":"vscode.merge-conflict","_lower":"vscode.merge-conflict"},"activationEvent":"onStartupFinished"}
[2021-11-18 10:32:24.319] [exthost] [info] ExtensionService#loadCommonJSModule file:///usr/lib/code-server/vendor/modules/code-oss-dev/extensions/merge-conflict/dist/mergeConflictMain
[2021-11-18 10:32:24.323] [exthost] [info] eager extensions activated
[2021-11-18 10:53:14.060] [exthost] [info] extension host terminating: received terminate message from renderer
[2021-11-18 10:53:14.061] [exthost] [info] Lock '/home/orai/vscode-cosmwasm/User/workspaceStorage/-4cf9651c/vscode.lock': Marking the lockfile as scheduled to be released in 6000 ms.
[2021-11-18 10:53:15.083] [exthost] [info] exiting with code 0
[2021-11-18 10:53:30.568] [exthost] [info] extension host started
[2021-11-18 10:53:30.577] [exthost] [info] Lock '/home/orai/vscode-cosmwasm/User/workspaceStorage/-4cf9651c/vscode.lock': Lock acquired.
[2021-11-18 10:53:30.605] [exthost] [info] ExtensionService#_doActivateExtension vscode.debug-auto-launch {"startup":true,"extensionId":{"value":"vscode.debug-auto-launch","_lower":"vscode.debug-auto-launch"},"activationEvent":"*"}
[2021-11-18 10:53:30.605] [exthost] [info] ExtensionService#loadCommonJSModule file:///usr/lib/code-server/vendor/modules/code-oss-dev/extensions/debug-auto-launch/dist/extension
[2021-11-18 10:53:30.612] [exthost] [info] ExtensionService#_doActivateExtension vscode.git {"startup":true,"extensionId":{"value":"vscode.github","_lower":"vscode.github"},"activationEvent":"*"}
[2021-11-18 10:53:30.612] [exthost] [info] ExtensionService#loadCommonJSModule file:///usr/lib/code-server/vendor/modules/code-oss-dev/extensions/git/dist/main
[2021-11-18 10:53:30.726] [exthost] [info] ExtensionService#_doActivateExtension vscode.npm {"startup":true,"extensionId":{"value":"vscode.npm","_lower":"vscode.npm"},"activationEvent":"workspaceContains:package.json"}
[2021-11-18 10:53:30.726] [exthost] [info] ExtensionService#loadCommonJSModule file:///usr/lib/code-server/vendor/modules/code-oss-dev/extensions/npm/dist/npmMain
[2021-11-18 10:53:30.824] [exthost] [info] ExtensionService#_doActivateExtension vscode.github {"startup":true,"extensionId":{"value":"vscode.github","_lower":"vscode.github"},"activationEvent":"*"}
[2021-11-18 10:53:30.824] [exthost] [info] ExtensionService#loadCommonJSModule file:///usr/lib/code-server/vendor/modules/code-oss-dev/extensions/github/dist/extension.js
[2021-11-18 10:53:30.888] [exthost] [info] ExtensionService#_doActivateExtension ms-vscode.js-debug {"startup":false,"extensionId":{"value":"ms-vscode.js-debug","_lower":"ms-vscode.js-debug"},"activationEvent":"onCommand:extension.js-debug.clearAutoAttachVariables"}
[2021-11-18 10:53:30.888] [exthost] [info] ExtensionService#loadCommonJSModule file:///usr/lib/code-server/vendor/modules/code-oss-dev/extensions/ms-vscode.js-debug/src/extension.js
[2021-11-18 10:53:31.352] [exthost] [info] ExtensionService#_doActivateExtension vscode.emmet {"startup":false,"extensionId":{"value":"vscode.emmet","_lower":"vscode.emmet"},"activationEvent":"onStartupFinished"}
[2021-11-18 10:53:31.352] [exthost] [info] ExtensionService#loadCommonJSModule file:///usr/lib/code-server/vendor/modules/code-oss-dev/extensions/emmet/dist/node/emmetNodeMain
[2021-11-18 10:53:31.373] [exthost] [info] ExtensionService#_doActivateExtension vscode.merge-conflict {"startup":false,"extensionId":{"value":"vscode.merge-conflict","_lower":"vscode.merge-conflict"},"activationEvent":"onStartupFinished"}
[2021-11-18 10:53:31.373] [exthost] [info] ExtensionService#loadCommonJSModule file:///usr/lib/code-server/vendor/modules/code-oss-dev/extensions/merge-conflict/dist/mergeConflictMain
[2021-11-18 10:53:31.377] [exthost] [info] eager extensions activated
[2021-11-18 10:53:31.377] [exthost] [info] extension host terminating: received terminate message from renderer
[2021-11-18 10:53:31.378] [exthost] [info] Lock '/home/orai/vscode-cosmwasm/User/workspaceStorage/-4cf9651c/vscode.lock': Marking the lockfile as scheduled to be released in 6000 ms.
[2021-11-18 10:53:31.385] [exthost] [error] Activating extension vscode.emmet failed due to an error:
[2021-11-18 10:53:31.385] [exthost] [error] Canceled: Canceled
	at Object.n [as canceled] (/usr/lib/code-server/vendor/modules/code-oss-dev/out/vs/workbench/services/extensions/node/extensionHostProcess.js:5:1157)
	at /usr/lib/code-server/vendor/modules/code-oss-dev/out/vs/workbench/services/extensions/node/extensionHostProcess.js:98:8804
	at Array.forEach (<anonymous>)
	at i.dispose (/usr/lib/code-server/vendor/modules/code-oss-dev/out/vs/workbench/services/extensions/node/extensionHostProcess.js:98:8752)
	at E.terminate (/usr/lib/code-server/vendor/modules/code-oss-dev/out/vs/workbench/services/extensions/node/extensionHostProcess.js:103:682)
	at t (/usr/lib/code-server/vendor/modules/code-oss-dev/out/vs/workbench/services/extensions/node/extensionHostProcess.js:113:32465)
	at /usr/lib/code-server/vendor/modules/code-oss-dev/out/vs/workbench/services/extensions/node/extensionHostProcess.js:113:30301
	at c.fire (/usr/lib/code-server/vendor/modules/code-oss-dev/out/vs/workbench/services/extensions/node/extensionHostProcess.js:66:1712)
	at a.fire (/usr/lib/code-server/vendor/modules/code-oss-dev/out/vs/workbench/services/extensions/node/extensionHostProcess.js:74:15781)
	at r._receiveMessage (/usr/lib/code-server/vendor/modules/code-oss-dev/out/vs/workbench/services/extensions/node/extensionHostProcess.js:74:21079)
	at /usr/lib/code-server/vendor/modules/code-oss-dev/out/vs/workbench/services/extensions/node/extensionHostProcess.js:74:17929
	at c.fire (/usr/lib/code-server/vendor/modules/code-oss-dev/out/vs/workbench/services/extensions/node/extensionHostProcess.js:66:1712)
	at p.acceptChunk (/usr/lib/code-server/vendor/modules/code-oss-dev/out/vs/workbench/services/extensions/node/extensionHostProcess.js:74:13142)
	at /usr/lib/code-server/vendor/modules/code-oss-dev/out/vs/workbench/services/extensions/node/extensionHostProcess.js:74:12490
	at c.fire (/usr/lib/code-server/vendor/modules/code-oss-dev/out/vs/workbench/services/extensions/node/extensionHostProcess.js:66:1712)
	at E._acceptChunk (/usr/lib/code-server/vendor/modules/code-oss-dev/out/vs/workbench/services/extensions/node/extensionHostProcess.js:113:19362)
	at /usr/lib/code-server/vendor/modules/code-oss-dev/out/vs/workbench/services/extensions/node/extensionHostProcess.js:113:15775
	at Socket.w (/usr/lib/code-server/vendor/modules/code-oss-dev/out/vs/workbench/services/extensions/node/extensionHostProcess.js:113:13350)
	at Socket.emit (events.js:400:28)
	at addChunk (internal/streams/readable.js:290:12)
	at readableAddChunk (internal/streams/readable.js:265:9)
	at Socket.Readable.push (internal/streams/readable.js:204:10)
	at TCP.onStreamRead (internal/stream_base_commons.js:188:23)
[2021-11-18 10:53:31.386] [exthost] [error] Activating extension vscode.merge-conflict failed due to an error:
[2021-11-18 10:53:31.386] [exthost] [error] Canceled: Canceled
	at Object.n [as canceled] (/usr/lib/code-server/vendor/modules/code-oss-dev/out/vs/workbench/services/extensions/node/extensionHostProcess.js:5:1157)
	at /usr/lib/code-server/vendor/modules/code-oss-dev/out/vs/workbench/services/extensions/node/extensionHostProcess.js:98:8804
	at Array.forEach (<anonymous>)
	at i.dispose (/usr/lib/code-server/vendor/modules/code-oss-dev/out/vs/workbench/services/extensions/node/extensionHostProcess.js:98:8752)
	at E.terminate (/usr/lib/code-server/vendor/modules/code-oss-dev/out/vs/workbench/services/extensions/node/extensionHostProcess.js:103:682)
	at t (/usr/lib/code-server/vendor/modules/code-oss-dev/out/vs/workbench/services/extensions/node/extensionHostProcess.js:113:32465)
	at /usr/lib/code-server/vendor/modules/code-oss-dev/out/vs/workbench/services/extensions/node/extensionHostProcess.js:113:30301
	at c.fire (/usr/lib/code-server/vendor/modules/code-oss-dev/out/vs/workbench/services/extensions/node/extensionHostProcess.js:66:1712)
	at a.fire (/usr/lib/code-server/vendor/modules/code-oss-dev/out/vs/workbench/services/extensions/node/extensionHostProcess.js:74:15781)
	at r._receiveMessage (/usr/lib/code-server/vendor/modules/code-oss-dev/out/vs/workbench/services/extensions/node/extensionHostProcess.js:74:21079)
	at /usr/lib/code-server/vendor/modules/code-oss-dev/out/vs/workbench/services/extensions/node/extensionHostProcess.js:74:17929
	at c.fire (/usr/lib/code-server/vendor/modules/code-oss-dev/out/vs/workbench/services/extensions/node/extensionHostProcess.js:66:1712)
	at p.acceptChunk (/usr/lib/code-server/vendor/modules/code-oss-dev/out/vs/workbench/services/extensions/node/extensionHostProcess.js:74:13142)
	at /usr/lib/code-server/vendor/modules/code-oss-dev/out/vs/workbench/services/extensions/node/extensionHostProcess.js:74:12490
	at c.fire (/usr/lib/code-server/vendor/modules/code-oss-dev/out/vs/workbench/services/extensions/node/extensionHostProcess.js:66:1712)
	at E._acceptChunk (/usr/lib/code-server/vendor/modules/code-oss-dev/out/vs/workbench/services/extensions/node/extensionHostProcess.js:113:19362)
	at /usr/lib/code-server/vendor/modules/code-oss-dev/out/vs/workbench/services/extensions/node/extensionHostProcess.js:113:15775
	at Socket.w (/usr/lib/code-server/vendor/modules/code-oss-dev/out/vs/workbench/services/extensions/node/extensionHostProcess.js:113:13350)
	at Socket.emit (events.js:400:28)
	at addChunk (internal/streams/readable.js:290:12)
	at readableAddChunk (internal/streams/readable.js:265:9)
	at Socket.Readable.push (internal/streams/readable.js:204:10)
	at TCP.onStreamRead (internal/stream_base_commons.js:188:23)
[2021-11-18 10:53:32.385] [exthost] [info] exiting with code 0
[2021-11-18 10:53:36.252] [exthost] [info] extension host started
[2021-11-18 10:53:36.284] [exthost] [info] ExtensionService#_doActivateExtension vscode.debug-auto-launch {"startup":true,"extensionId":{"value":"vscode.debug-auto-launch","_lower":"vscode.debug-auto-launch"},"activationEvent":"*"}
[2021-11-18 10:53:36.284] [exthost] [info] ExtensionService#loadCommonJSModule file:///usr/lib/code-server/vendor/modules/code-oss-dev/extensions/debug-auto-launch/dist/extension
[2021-11-18 10:53:36.291] [exthost] [info] ExtensionService#_doActivateExtension vscode.git {"startup":true,"extensionId":{"value":"vscode.github","_lower":"vscode.github"},"activationEvent":"*"}
[2021-11-18 10:53:36.291] [exthost] [info] ExtensionService#loadCommonJSModule file:///usr/lib/code-server/vendor/modules/code-oss-dev/extensions/git/dist/main
[2021-11-18 10:53:36.444] [exthost] [info] ExtensionService#_doActivateExtension vscode.github {"startup":true,"extensionId":{"value":"vscode.github","_lower":"vscode.github"},"activationEvent":"*"}
[2021-11-18 10:53:36.444] [exthost] [info] ExtensionService#loadCommonJSModule file:///usr/lib/code-server/vendor/modules/code-oss-dev/extensions/github/dist/extension.js
[2021-11-18 10:53:36.477] [exthost] [info] ExtensionService#_doActivateExtension ms-vscode.js-debug {"startup":false,"extensionId":{"value":"ms-vscode.js-debug","_lower":"ms-vscode.js-debug"},"activationEvent":"onCommand:extension.js-debug.clearAutoAttachVariables"}
[2021-11-18 10:53:36.478] [exthost] [info] ExtensionService#loadCommonJSModule file:///usr/lib/code-server/vendor/modules/code-oss-dev/extensions/ms-vscode.js-debug/src/extension.js
[2021-11-18 10:53:36.729] [exthost] [info] ExtensionService#_doActivateExtension vscode.emmet {"startup":false,"extensionId":{"value":"vscode.emmet","_lower":"vscode.emmet"},"activationEvent":"onStartupFinished"}
[2021-11-18 10:53:36.729] [exthost] [info] ExtensionService#loadCommonJSModule file:///usr/lib/code-server/vendor/modules/code-oss-dev/extensions/emmet/dist/node/emmetNodeMain
[2021-11-18 10:53:36.744] [exthost] [info] ExtensionService#_doActivateExtension vscode.merge-conflict {"startup":false,"extensionId":{"value":"vscode.merge-conflict","_lower":"vscode.merge-conflict"},"activationEvent":"onStartupFinished"}
[2021-11-18 10:53:36.744] [exthost] [info] ExtensionService#loadCommonJSModule file:///usr/lib/code-server/vendor/modules/code-oss-dev/extensions/merge-conflict/dist/mergeConflictMain
[2021-11-18 10:53:36.747] [exthost] [info] eager extensions activated
[2021-11-18 10:53:55.669] [exthost] [info] ExtensionService#_doActivateExtension vscode.npm {"startup":true,"extensionId":{"value":"vscode.npm","_lower":"vscode.npm"},"activationEvent":"workspaceContains:package.json"}
[2021-11-18 10:53:55.670] [exthost] [info] ExtensionService#loadCommonJSModule file:///usr/lib/code-server/vendor/modules/code-oss-dev/extensions/npm/dist/npmMain
[2021-11-18 10:53:55.763] [exthost] [info] extension host terminating: received terminate message from renderer
[2021-11-18 10:53:55.783] [exthost] [error] Activating extension vscode.npm failed due to an error:
[2021-11-18 10:53:55.783] [exthost] [error] Canceled: Canceled
	at Object.n [as canceled] (/usr/lib/code-server/vendor/modules/code-oss-dev/out/vs/workbench/services/extensions/node/extensionHostProcess.js:5:1157)
	at /usr/lib/code-server/vendor/modules/code-oss-dev/out/vs/workbench/services/extensions/node/extensionHostProcess.js:98:8804
	at Array.forEach (<anonymous>)
	at i.dispose (/usr/lib/code-server/vendor/modules/code-oss-dev/out/vs/workbench/services/extensions/node/extensionHostProcess.js:98:8752)
	at E.terminate (/usr/lib/code-server/vendor/modules/code-oss-dev/out/vs/workbench/services/extensions/node/extensionHostProcess.js:103:682)
	at t (/usr/lib/code-server/vendor/modules/code-oss-dev/out/vs/workbench/services/extensions/node/extensionHostProcess.js:113:32465)
	at /usr/lib/code-server/vendor/modules/code-oss-dev/out/vs/workbench/services/extensions/node/extensionHostProcess.js:113:30301
	at c.fire (/usr/lib/code-server/vendor/modules/code-oss-dev/out/vs/workbench/services/extensions/node/extensionHostProcess.js:66:1712)
	at a.fire (/usr/lib/code-server/vendor/modules/code-oss-dev/out/vs/workbench/services/extensions/node/extensionHostProcess.js:74:15781)
	at r._receiveMessage (/usr/lib/code-server/vendor/modules/code-oss-dev/out/vs/workbench/services/extensions/node/extensionHostProcess.js:74:21079)
	at /usr/lib/code-server/vendor/modules/code-oss-dev/out/vs/workbench/services/extensions/node/extensionHostProcess.js:74:17929
	at c.fire (/usr/lib/code-server/vendor/modules/code-oss-dev/out/vs/workbench/services/extensions/node/extensionHostProcess.js:66:1712)
	at p.acceptChunk (/usr/lib/code-server/vendor/modules/code-oss-dev/out/vs/workbench/services/extensions/node/extensionHostProcess.js:74:13142)
	at /usr/lib/code-server/vendor/modules/code-oss-dev/out/vs/workbench/services/extensions/node/extensionHostProcess.js:74:12490
	at c.fire (/usr/lib/code-server/vendor/modules/code-oss-dev/out/vs/workbench/services/extensions/node/extensionHostProcess.js:66:1712)
	at E._acceptChunk (/usr/lib/code-server/vendor/modules/code-oss-dev/out/vs/workbench/services/extensions/node/extensionHostProcess.js:113:19362)
	at /usr/lib/code-server/vendor/modules/code-oss-dev/out/vs/workbench/services/extensions/node/extensionHostProcess.js:113:15775
	at Socket.w (/usr/lib/code-server/vendor/modules/code-oss-dev/out/vs/workbench/services/extensions/node/extensionHostProcess.js:113:13350)
	at Socket.emit (events.js:400:28)
	at addChunk (internal/streams/readable.js:290:12)
	at readableAddChunk (internal/streams/readable.js:265:9)
	at Socket.Readable.push (internal/streams/readable.js:204:10)
	at TCP.onStreamRead (internal/stream_base_commons.js:188:23)
[2021-11-18 10:53:57.656] [exthost] [info] extension host started
[2021-11-18 10:53:57.665] [exthost] [info] Lock '/home/orai/vscode-cosmwasm/User/workspaceStorage/4d21f4e6/vscode.lock': Lock acquired.
[2021-11-18 10:53:57.712] [exthost] [info] ExtensionService#_doActivateExtension vscode.debug-auto-launch {"startup":true,"extensionId":{"value":"vscode.debug-auto-launch","_lower":"vscode.debug-auto-launch"},"activationEvent":"*"}
[2021-11-18 10:53:57.712] [exthost] [info] ExtensionService#loadCommonJSModule file:///usr/lib/code-server/vendor/modules/code-oss-dev/extensions/debug-auto-launch/dist/extension
[2021-11-18 10:53:57.719] [exthost] [info] ExtensionService#_doActivateExtension vscode.git {"startup":true,"extensionId":{"value":"vscode.github","_lower":"vscode.github"},"activationEvent":"*"}
[2021-11-18 10:53:57.719] [exthost] [info] ExtensionService#loadCommonJSModule file:///usr/lib/code-server/vendor/modules/code-oss-dev/extensions/git/dist/main
[2021-11-18 10:53:57.815] [exthost] [info] ExtensionService#_doActivateExtension vscode.npm {"startup":true,"extensionId":{"value":"vscode.npm","_lower":"vscode.npm"},"activationEvent":"workspaceContains:package.json"}
[2021-11-18 10:53:57.815] [exthost] [info] ExtensionService#loadCommonJSModule file:///usr/lib/code-server/vendor/modules/code-oss-dev/extensions/npm/dist/npmMain
[2021-11-18 10:53:57.912] [exthost] [info] ExtensionService#_doActivateExtension vscode.github {"startup":true,"extensionId":{"value":"vscode.github","_lower":"vscode.github"},"activationEvent":"*"}
[2021-11-18 10:53:57.912] [exthost] [info] ExtensionService#loadCommonJSModule file:///usr/lib/code-server/vendor/modules/code-oss-dev/extensions/github/dist/extension.js
[2021-11-18 10:53:58.098] [exthost] [info] ExtensionService#_doActivateExtension vscode.emmet {"startup":false,"extensionId":{"value":"vscode.emmet","_lower":"vscode.emmet"},"activationEvent":"onStartupFinished"}
[2021-11-18 10:53:58.098] [exthost] [info] ExtensionService#loadCommonJSModule file:///usr/lib/code-server/vendor/modules/code-oss-dev/extensions/emmet/dist/node/emmetNodeMain
[2021-11-18 10:53:58.119] [exthost] [info] ExtensionService#_doActivateExtension vscode.merge-conflict {"startup":false,"extensionId":{"value":"vscode.merge-conflict","_lower":"vscode.merge-conflict"},"activationEvent":"onStartupFinished"}
[2021-11-18 10:53:58.119] [exthost] [info] ExtensionService#loadCommonJSModule file:///usr/lib/code-server/vendor/modules/code-oss-dev/extensions/merge-conflict/dist/mergeConflictMain
[2021-11-18 10:53:58.123] [exthost] [info] eager extensions activated
[2021-11-18 10:53:58.165] [exthost] [info] ExtensionService#_doActivateExtension ms-vscode.js-debug {"startup":false,"extensionId":{"value":"ms-vscode.js-debug","_lower":"ms-vscode.js-debug"},"activationEvent":"onCommand:extension.js-debug.clearAutoAttachVariables"}
[2021-11-18 10:53:58.165] [exthost] [info] ExtensionService#loadCommonJSModule file:///usr/lib/code-server/vendor/modules/code-oss-dev/extensions/ms-vscode.js-debug/src/extension.js
[2021-11-18 11:34:37.007] [exthost] [info] extension host terminating: received terminate message from renderer
[2021-11-18 11:34:37.009] [exthost] [info] Lock '/home/orai/vscode-cosmwasm/User/workspaceStorage/3ac4b598/vscode.lock': Marking the lockfile as scheduled to be released in 6000 ms.
[2021-11-18 11:34:38.041] [exthost] [info] exiting with code 0
[2021-11-18 11:34:38.439] [exthost] [info] extension host terminating: received terminate message from renderer
[2021-11-18 11:34:38.440] [exthost] [info] Lock '/home/orai/vscode-cosmwasm/User/workspaceStorage/4d21f4e6/vscode.lock': Marking the lockfile as scheduled to be released in 6000 ms.
[2021-11-18 11:34:39.460] [exthost] [info] exiting with code 0
[2021-11-18 14:37:54.730] [exthost] [info] extension host started
[2021-11-18 14:37:54.739] [exthost] [info] Lock '/home/orai/vscode-cosmwasm/User/workspaceStorage/4d21f4e6/vscode.lock': Lock acquired.
[2021-11-18 14:37:54.763] [exthost] [info] ExtensionService#_doActivateExtension vscode.debug-auto-launch {"startup":true,"extensionId":{"value":"vscode.debug-auto-launch","_lower":"vscode.debug-auto-launch"},"activationEvent":"*"}
[2021-11-18 14:37:54.763] [exthost] [info] ExtensionService#loadCommonJSModule file:///usr/lib/code-server/vendor/modules/code-oss-dev/extensions/debug-auto-launch/dist/extension
[2021-11-18 14:37:54.768] [exthost] [info] ExtensionService#_doActivateExtension vscode.git {"startup":true,"extensionId":{"value":"vscode.github","_lower":"vscode.github"},"activationEvent":"*"}
[2021-11-18 14:37:54.769] [exthost] [info] ExtensionService#loadCommonJSModule file:///usr/lib/code-server/vendor/modules/code-oss-dev/extensions/git/dist/main
[2021-11-18 14:37:54.849] [exthost] [info] ExtensionService#_doActivateExtension vscode.npm {"startup":true,"extensionId":{"value":"vscode.npm","_lower":"vscode.npm"},"activationEvent":"workspaceContains:package.json"}
[2021-11-18 14:37:54.849] [exthost] [info] ExtensionService#loadCommonJSModule file:///usr/lib/code-server/vendor/modules/code-oss-dev/extensions/npm/dist/npmMain
[2021-11-18 14:37:54.937] [exthost] [info] ExtensionService#_doActivateExtension vscode.github {"startup":true,"extensionId":{"value":"vscode.github","_lower":"vscode.github"},"activationEvent":"*"}
[2021-11-18 14:37:54.937] [exthost] [info] ExtensionService#loadCommonJSModule file:///usr/lib/code-server/vendor/modules/code-oss-dev/extensions/github/dist/extension.js
[2021-11-18 14:37:55.003] [exthost] [info] ExtensionService#_doActivateExtension ms-vscode.js-debug {"startup":false,"extensionId":{"value":"ms-vscode.js-debug","_lower":"ms-vscode.js-debug"},"activationEvent":"onCommand:extension.js-debug.clearAutoAttachVariables"}
[2021-11-18 14:37:55.003] [exthost] [info] ExtensionService#loadCommonJSModule file:///usr/lib/code-server/vendor/modules/code-oss-dev/extensions/ms-vscode.js-debug/src/extension.js
[2021-11-18 14:37:55.432] [exthost] [info] ExtensionService#_doActivateExtension vscode.emmet {"startup":false,"extensionId":{"value":"vscode.emmet","_lower":"vscode.emmet"},"activationEvent":"onStartupFinished"}
[2021-11-18 14:37:55.432] [exthost] [info] ExtensionService#loadCommonJSModule file:///usr/lib/code-server/vendor/modules/code-oss-dev/extensions/emmet/dist/node/emmetNodeMain
[2021-11-18 14:37:55.463] [exthost] [info] ExtensionService#_doActivateExtension vscode.merge-conflict {"startup":false,"extensionId":{"value":"vscode.merge-conflict","_lower":"vscode.merge-conflict"},"activationEvent":"onStartupFinished"}
[2021-11-18 14:37:55.463] [exthost] [info] ExtensionService#loadCommonJSModule file:///usr/lib/code-server/vendor/modules/code-oss-dev/extensions/merge-conflict/dist/mergeConflictMain
[2021-11-18 14:37:55.468] [exthost] [info] eager extensions activated
[2021-11-18 14:38:15.662] [exthost] [info] ExtensionService#_doActivateExtension vscode.configuration-editing {"startup":false,"extensionId":{"value":"vscode.configuration-editing","_lower":"vscode.configuration-editing"},"activationEvent":"onLanguage:jsonc"}
[2021-11-18 14:38:15.662] [exthost] [info] ExtensionService#loadCommonJSModule file:///usr/lib/code-server/vendor/modules/code-oss-dev/extensions/configuration-editing/dist/configurationEditingMain
[2021-11-18 14:38:15.672] [exthost] [info] ExtensionService#_doActivateExtension vscode.json-language-features {"startup":false,"extensionId":{"value":"vscode.json-language-features","_lower":"vscode.json-language-features"},"activationEvent":"onLanguage:jsonc"}
[2021-11-18 14:38:15.672] [exthost] [info] ExtensionService#loadCommonJSModule file:///usr/lib/code-server/vendor/modules/code-oss-dev/extensions/json-language-features/client/dist/node/jsonClientMain
[2021-11-18 14:38:15.758] [exthost] [info] ExtensionService#_doActivateExtension vscode.typescript-language-features {"startup":false,"extensionId":{"value":"vscode.typescript-language-features","_lower":"vscode.typescript-language-features"},"activationEvent":"onLanguage:jsonc"}
[2021-11-18 14:38:15.758] [exthost] [info] ExtensionService#loadCommonJSModule file:///usr/lib/code-server/vendor/modules/code-oss-dev/extensions/typescript-language-features/dist/extension
[2021-11-18 14:38:39.750] [exthost] [info] extension host terminating: received terminate message from renderer
[2021-11-18 14:38:39.751] [exthost] [info] Lock '/home/orai/vscode-cosmwasm/User/workspaceStorage/4d21f4e6/vscode.lock': Marking the lockfile as scheduled to be released in 6000 ms.
[2021-11-18 14:38:40.776] [exthost] [info] exiting with code 0
[2021-11-18 14:38:41.932] [exthost] [info] extension host started
[2021-11-18 14:38:41.939] [exthost] [info] Lock '/home/orai/vscode-cosmwasm/User/workspaceStorage/3ac4b598/vscode.lock': Lock acquired.
[2021-11-18 14:38:42.120] [exthost] [info] ExtensionService#_doActivateExtension vscode.typescript-language-features {"startup":false,"extensionId":{"value":"vscode.typescript-language-features","_lower":"vscode.typescript-language-features"},"activationEvent":"onLanguage:typescriptreact"}
[2021-11-18 14:38:42.120] [exthost] [info] ExtensionService#loadCommonJSModule file:///usr/lib/code-server/vendor/modules/code-oss-dev/extensions/typescript-language-features/dist/extension
[2021-11-18 14:38:42.192] [exthost] [info] ExtensionService#_doActivateExtension vscode.debug-auto-launch {"startup":true,"extensionId":{"value":"vscode.debug-auto-launch","_lower":"vscode.debug-auto-launch"},"activationEvent":"*"}
[2021-11-18 14:38:42.192] [exthost] [info] ExtensionService#loadCommonJSModule file:///usr/lib/code-server/vendor/modules/code-oss-dev/extensions/debug-auto-launch/dist/extension
[2021-11-18 14:38:42.196] [exthost] [info] ExtensionService#_doActivateExtension vscode.git {"startup":true,"extensionId":{"value":"vscode.github","_lower":"vscode.github"},"activationEvent":"*"}
[2021-11-18 14:38:42.196] [exthost] [info] ExtensionService#loadCommonJSModule file:///usr/lib/code-server/vendor/modules/code-oss-dev/extensions/git/dist/main
[2021-11-18 14:38:42.285] [exthost] [info] ExtensionService#_doActivateExtension vscode.npm {"startup":true,"extensionId":{"value":"vscode.npm","_lower":"vscode.npm"},"activationEvent":"workspaceContains:package.json"}
[2021-11-18 14:38:42.286] [exthost] [info] ExtensionService#loadCommonJSModule file:///usr/lib/code-server/vendor/modules/code-oss-dev/extensions/npm/dist/npmMain
[2021-11-18 14:38:42.782] [exthost] [info] ExtensionService#_doActivateExtension vscode.github {"startup":true,"extensionId":{"value":"vscode.github","_lower":"vscode.github"},"activationEvent":"*"}
[2021-11-18 14:38:42.782] [exthost] [info] ExtensionService#loadCommonJSModule file:///usr/lib/code-server/vendor/modules/code-oss-dev/extensions/github/dist/extension.js
[2021-11-18 14:38:42.837] [exthost] [info] ExtensionService#_doActivateExtension ms-vscode.js-debug {"startup":false,"extensionId":{"value":"ms-vscode.js-debug","_lower":"ms-vscode.js-debug"},"activationEvent":"onCommand:extension.js-debug.clearAutoAttachVariables"}
[2021-11-18 14:38:42.837] [exthost] [info] ExtensionService#loadCommonJSModule file:///usr/lib/code-server/vendor/modules/code-oss-dev/extensions/ms-vscode.js-debug/src/extension.js
[2021-11-18 14:38:43.263] [exthost] [info] ExtensionService#_doActivateExtension vscode.emmet {"startup":false,"extensionId":{"value":"vscode.emmet","_lower":"vscode.emmet"},"activationEvent":"onStartupFinished"}
[2021-11-18 14:38:43.263] [exthost] [info] ExtensionService#loadCommonJSModule file:///usr/lib/code-server/vendor/modules/code-oss-dev/extensions/emmet/dist/node/emmetNodeMain
[2021-11-18 14:38:43.281] [exthost] [info] ExtensionService#_doActivateExtension vscode.merge-conflict {"startup":false,"extensionId":{"value":"vscode.merge-conflict","_lower":"vscode.merge-conflict"},"activationEvent":"onStartupFinished"}
[2021-11-18 14:38:43.281] [exthost] [info] ExtensionService#loadCommonJSModule file:///usr/lib/code-server/vendor/modules/code-oss-dev/extensions/merge-conflict/dist/mergeConflictMain
[2021-11-18 14:38:43.285] [exthost] [info] eager extensions activated
[2021-11-18 14:38:48.086] [exthost] [info] ExtensionService#_doActivateExtension vscode.configuration-editing {"startup":false,"extensionId":{"value":"vscode.configuration-editing","_lower":"vscode.configuration-editing"},"activationEvent":"onLanguage:jsonc"}
[2021-11-18 14:38:48.086] [exthost] [info] ExtensionService#loadCommonJSModule file:///usr/lib/code-server/vendor/modules/code-oss-dev/extensions/configuration-editing/dist/configurationEditingMain
[2021-11-18 14:38:48.096] [exthost] [info] ExtensionService#_doActivateExtension vscode.json-language-features {"startup":false,"extensionId":{"value":"vscode.json-language-features","_lower":"vscode.json-language-features"},"activationEvent":"onLanguage:jsonc"}
[2021-11-18 14:38:48.096] [exthost] [info] ExtensionService#loadCommonJSModule file:///usr/lib/code-server/vendor/modules/code-oss-dev/extensions/json-language-features/client/dist/node/jsonClientMain
[2021-11-18 14:38:53.059] [exthost] [info] ExtensionService#_doActivateExtension vscode.debug-server-ready {"startup":false,"extensionId":{"value":"vscode.debug-server-ready","_lower":"vscode.debug-server-ready"},"activationEvent":"onDebugResolve"}
[2021-11-18 14:38:53.059] [exthost] [info] ExtensionService#loadCommonJSModule file:///usr/lib/code-server/vendor/modules/code-oss-dev/extensions/debug-server-ready/dist/extension
[2021-11-18 14:38:55.431] [exthost] [info] extension host started
[2021-11-18 14:38:55.472] [exthost] [info] ExtensionService#_doActivateExtension vscode.debug-auto-launch {"startup":true,"extensionId":{"value":"vscode.debug-auto-launch","_lower":"vscode.debug-auto-launch"},"activationEvent":"*"}
[2021-11-18 14:38:55.473] [exthost] [info] ExtensionService#loadCommonJSModule file:///usr/lib/code-server/vendor/modules/code-oss-dev/extensions/debug-auto-launch/dist/extension
[2021-11-18 14:38:55.479] [exthost] [info] ExtensionService#_doActivateExtension vscode.git {"startup":true,"extensionId":{"value":"vscode.github","_lower":"vscode.github"},"activationEvent":"*"}
[2021-11-18 14:38:55.479] [exthost] [info] ExtensionService#loadCommonJSModule file:///usr/lib/code-server/vendor/modules/code-oss-dev/extensions/git/dist/main
[2021-11-18 14:38:55.634] [exthost] [info] ExtensionService#_doActivateExtension vscode.github {"startup":true,"extensionId":{"value":"vscode.github","_lower":"vscode.github"},"activationEvent":"*"}
[2021-11-18 14:38:55.634] [exthost] [info] ExtensionService#loadCommonJSModule file:///usr/lib/code-server/vendor/modules/code-oss-dev/extensions/github/dist/extension.js
[2021-11-18 14:38:55.668] [exthost] [info] ExtensionService#_doActivateExtension ms-vscode.js-debug {"startup":false,"extensionId":{"value":"ms-vscode.js-debug","_lower":"ms-vscode.js-debug"},"activationEvent":"onCommand:extension.js-debug.clearAutoAttachVariables"}
[2021-11-18 14:38:55.668] [exthost] [info] ExtensionService#loadCommonJSModule file:///usr/lib/code-server/vendor/modules/code-oss-dev/extensions/ms-vscode.js-debug/src/extension.js
[2021-11-18 14:38:55.926] [exthost] [info] ExtensionService#_doActivateExtension vscode.emmet {"startup":false,"extensionId":{"value":"vscode.emmet","_lower":"vscode.emmet"},"activationEvent":"onStartupFinished"}
[2021-11-18 14:38:55.926] [exthost] [info] ExtensionService#loadCommonJSModule file:///usr/lib/code-server/vendor/modules/code-oss-dev/extensions/emmet/dist/node/emmetNodeMain
[2021-11-18 14:38:55.944] [exthost] [info] ExtensionService#_doActivateExtension vscode.merge-conflict {"startup":false,"extensionId":{"value":"vscode.merge-conflict","_lower":"vscode.merge-conflict"},"activationEvent":"onStartupFinished"}
[2021-11-18 14:38:55.944] [exthost] [info] ExtensionService#loadCommonJSModule file:///usr/lib/code-server/vendor/modules/code-oss-dev/extensions/merge-conflict/dist/mergeConflictMain
[2021-11-18 14:38:55.948] [exthost] [info] eager extensions activated
[2021-11-18 14:39:06.485] [exthost] [info] extension host terminating: received terminate message from renderer
[2021-11-18 14:39:15.178] [exthost] [info] extension host started
[2021-11-18 14:39:15.187] [exthost] [info] Lock '/home/orai/vscode-cosmwasm/User/workspaceStorage/-4cf9651c/vscode.lock': Lock acquired.
[2021-11-18 14:39:15.773] [exthost] [info] ExtensionService#_doActivateExtension vscode.debug-auto-launch {"startup":true,"extensionId":{"value":"vscode.debug-auto-launch","_lower":"vscode.debug-auto-launch"},"activationEvent":"*"}
[2021-11-18 14:39:15.774] [exthost] [info] ExtensionService#loadCommonJSModule file:///usr/lib/code-server/vendor/modules/code-oss-dev/extensions/debug-auto-launch/dist/extension
[2021-11-18 14:39:15.780] [exthost] [info] ExtensionService#_doActivateExtension vscode.git {"startup":true,"extensionId":{"value":"vscode.github","_lower":"vscode.github"},"activationEvent":"*"}
[2021-11-18 14:39:15.780] [exthost] [info] ExtensionService#loadCommonJSModule file:///usr/lib/code-server/vendor/modules/code-oss-dev/extensions/git/dist/main
[2021-11-18 14:39:15.877] [exthost] [info] ExtensionService#_doActivateExtension vscode.npm {"startup":true,"extensionId":{"value":"vscode.npm","_lower":"vscode.npm"},"activationEvent":"workspaceContains:package.json"}
[2021-11-18 14:39:15.877] [exthost] [info] ExtensionService#loadCommonJSModule file:///usr/lib/code-server/vendor/modules/code-oss-dev/extensions/npm/dist/npmMain
[2021-11-18 14:39:15.987] [exthost] [info] ExtensionService#_doActivateExtension vscode.github {"startup":true,"extensionId":{"value":"vscode.github","_lower":"vscode.github"},"activationEvent":"*"}
[2021-11-18 14:39:15.987] [exthost] [info] ExtensionService#loadCommonJSModule file:///usr/lib/code-server/vendor/modules/code-oss-dev/extensions/github/dist/extension.js
[2021-11-18 14:39:16.278] [exthost] [info] ExtensionService#_doActivateExtension ms-vscode.js-debug {"startup":false,"extensionId":{"value":"ms-vscode.js-debug","_lower":"ms-vscode.js-debug"},"activationEvent":"onCommand:extension.js-debug.clearAutoAttachVariables"}
[2021-11-18 14:39:16.278] [exthost] [info] ExtensionService#loadCommonJSModule file:///usr/lib/code-server/vendor/modules/code-oss-dev/extensions/ms-vscode.js-debug/src/extension.js
[2021-11-18 14:39:16.903] [exthost] [info] ExtensionService#_doActivateExtension vscode.emmet {"startup":false,"extensionId":{"value":"vscode.emmet","_lower":"vscode.emmet"},"activationEvent":"onStartupFinished"}
[2021-11-18 14:39:16.903] [exthost] [info] ExtensionService#loadCommonJSModule file:///usr/lib/code-server/vendor/modules/code-oss-dev/extensions/emmet/dist/node/emmetNodeMain
[2021-11-18 14:39:16.923] [exthost] [info] ExtensionService#_doActivateExtension vscode.merge-conflict {"startup":false,"extensionId":{"value":"vscode.merge-conflict","_lower":"vscode.merge-conflict"},"activationEvent":"onStartupFinished"}
[2021-11-18 14:39:16.923] [exthost] [info] ExtensionService#loadCommonJSModule file:///usr/lib/code-server/vendor/modules/code-oss-dev/extensions/merge-conflict/dist/mergeConflictMain
[2021-11-18 14:39:16.928] [exthost] [info] eager extensions activated
[2021-11-18 14:42:46.113] [exthost] [info] ExtensionService#_doActivateExtension vscode.extension-editing {"startup":false,"extensionId":{"value":"vscode.extension-editing","_lower":"vscode.extension-editing"},"activationEvent":"onLanguage:json"}
[2021-11-18 14:42:46.114] [exthost] [info] ExtensionService#loadCommonJSModule file:///usr/lib/code-server/vendor/modules/code-oss-dev/extensions/extension-editing/dist/extensionEditingMain
[2021-11-18 14:45:42.529] [exthost] [info] ExtensionService#_doActivateExtension vscode.image-preview {"startup":false,"extensionId":{"value":"vscode.image-preview","_lower":"vscode.image-preview"},"activationEvent":"onCustomEditor:imagePreview.previewEditor"}
[2021-11-18 14:45:42.530] [exthost] [info] ExtensionService#loadCommonJSModule file:///usr/lib/code-server/vendor/modules/code-oss-dev/extensions/image-preview/dist/extension
